The MPI test test_mpi for C in mode normal failed to compile with the following output:
Change Dir: /Users/margheritamilani/Desktop/uni/ACA/hough_coin_counter_parallel/coin-counter/CMakeFiles/CMakeScratch/TryCompile-ancElu

Run Build Command(s):/usr/bin/make -f Makefile cmTC_7de53/fast && /Applications/Xcode.app/Contents/Developer/usr/bin/make  -f CMakeFiles/cmTC_7de53.dir/build.make CMakeFiles/cmTC_7de53.dir/build
Building C object CMakeFiles/cmTC_7de53.dir/test_mpi.c.o
/Applications/Xcode.app/Contents/Developer/Toolchains/XcodeDefault.xctoolchain/usr/bin/cc   -isysroot /Applications/Xcode.app/Contents/Developer/Platforms/MacOSX.platform/Developer/SDKs/MacOSX12.3.sdk -MD -MT CMakeFiles/cmTC_7de53.dir/test_mpi.c.o -MF CMakeFiles/cmTC_7de53.dir/test_mpi.c.o.d -o CMakeFiles/cmTC_7de53.dir/test_mpi.c.o -c /Users/margheritamilani/Desktop/uni/ACA/hough_coin_counter_parallel/coin-counter/CMakeFiles/CMakeScratch/TryCompile-ancElu/test_mpi.c
/Users/margheritamilani/Desktop/uni/ACA/hough_coin_counter_parallel/coin-counter/CMakeFiles/CMakeScratch/TryCompile-ancElu/test_mpi.c:1:10: fatal error: 'mpi.h' file not found
#include <mpi.h>
         ^~~~~~~
1 error generated.
make[1]: *** [CMakeFiles/cmTC_7de53.dir/test_mpi.c.o] Error 1
make: *** [cmTC_7de53/fast] Error 2



